<?xml version="1.0" encoding="UTF-8"?>
<testng-results skipped="0" failed="0" ignored="0" total="1" passed="1">
  <reporter-output>
  </reporter-output>
  <suite name="Default suite" duration-ms="19875" started-at="2017-11-14T10:11:30Z" finished-at="2017-11-14T10:11:49Z">
    <groups>
    </groups>
    <test name="Default test" duration-ms="19875" started-at="2017-11-14T10:11:30Z" finished-at="2017-11-14T10:11:49Z">
      <class name="pom.test">
        <test-method status="PASS" signature="run()[pri:0, instance:pom.test@3532ec19]" name="run" duration-ms="19807" started-at="2017-11-14T15:41:30Z" finished-at="2017-11-14T15:41:49Z">
          <reporter-output>
          </reporter-output>
        </test-method> <!-- run -->
      </class> <!-- pom.test -->
    </test> <!-- Default test -->
  </suite> <!-- Default suite -->
</testng-results>
